# JRE version: OpenJDK Runtime Environment (11.0.12+7) (build 11.0.12+7-b1504.28-7817840)
# Java VM: OpenJDK 64-Bit Server VM (11.0.12+7-b1504.28-7817840, mixed mode, tiered, compressed oops, g1 gc, windows-amd64)
Heap:
 garbage-first heap   total 187392K, used 120169K [0x0000000080000000, 0x0000000100000000)
  region size 1024K, 2 young (2048K), 2 survivors (2048K)
 Metaspace       used 116093K, capacity 119267K, committed 120748K, reserved 1153024K
  class space    used 15096K, capacity 16309K, committed 16896K, reserved 1048576K
GC Heap History (20 events):
Event: 44.205 GC heap after
{Heap after GC invocations=48 (full 0):
 garbage-first heap   total 155648K, used 107899K [0x0000000080000000, 0x0000000100000000)
  region size 1024K, 3 young (3072K), 3 survivors (3072K)
 Metaspace       used 107170K, capacity 109906K, committed 109996K, reserved 1144832K
  class space    used 13791K, capacity 14829K, committed 14848K, reserved 1048576K
}
Event: 44.333 GC heap before
{Heap before GC invocations=48 (full 0):
 garbage-first heap   total 155648K, used 124283K [0x0000000080000000, 0x0000000100000000)
  region size 1024K, 20 young (20480K), 3 survivors (3072K)
 Metaspace       used 109203K, capacity 112009K, committed 112172K, reserved 1146880K
  class space    used 14069K, capacity 15152K, committed 15232K, reserved 1048576K
}
Event: 44.348 GC heap after
{Heap after GC invocations=49 (full 0):
 garbage-first heap   total 155648K, used 111720K [0x0000000080000000, 0x0000000100000000)
  region size 1024K, 3 young (3072K), 3 survivors (3072K)
 Metaspace       used 109203K, capacity 112009K, committed 112172K, reserved 1146880K
  class space    used 14069K, capacity 15152K, committed 15232K, reserved 1048576K
}
Event: 44.546 GC heap before
{Heap before GC invocations=49 (full 0):
 garbage-first heap   total 155648K, used 126056K [0x0000000080000000, 0x0000000100000000)
  region size 1024K, 18 young (18432K), 3 survivors (3072K)
 Metaspace       used 111681K, capacity 114871K, committed 115116K, reserved 1148928K
  class space    used 14590K, capacity 15843K, committed 15872K, reserved 1048576K
}
Event: 44.553 GC heap after
{Heap after GC invocations=50 (full 0):
 garbage-first heap   total 155648K, used 113298K [0x0000000080000000, 0x0000000100000000)
  region size 1024K, 2 young (2048K), 2 survivors (2048K)
 Metaspace       used 111681K, capacity 114871K, committed 115116K, reserved 1148928K
  class space    used 14590K, capacity 15843K, committed 15872K, reserved 1048576K
}
Event: 44.679 GC heap before
{Heap before GC invocations=51 (full 0):
 garbage-first heap   total 155648K, used 126610K [0x0000000080000000, 0x0000000100000000)
  region size 1024K, 16 young (16384K), 2 survivors (2048K)
 Metaspace       used 113252K, capacity 116506K, committed 116652K, reserved 1150976K
  class space    used 14816K, capacity 16113K, committed 16128K, reserved 1048576K
}
Event: 44.684 GC heap after
{Heap after GC invocations=52 (full 0):
 garbage-first heap   total 155648K, used 114636K [0x0000000080000000, 0x0000000100000000)
  region size 1024K, 2 young (2048K), 2 survivors (2048K)
 Metaspace       used 113252K, capacity 116506K, committed 116652K, reserved 1150976K
  class space    used 14816K, capacity 16113K, committed 16128K, reserved 1048576K
}
Event: 44.714 GC heap before
{Heap before GC invocations=52 (full 0):
 garbage-first heap   total 155648K, used 119756K [0x0000000080000000, 0x0000000100000000)
  region size 1024K, 7 young (7168K), 2 survivors (2048K)
 Metaspace       used 113428K, capacity 116712K, committed 117036K, reserved 1150976K
  class space    used 14834K, capacity 16159K, committed 16256K, reserved 1048576K
}
Event: 44.718 GC heap after
{Heap after GC invocations=53 (full 0):
 garbage-first heap   total 155648K, used 114345K [0x0000000080000000, 0x0000000100000000)
  region size 1024K, 1 young (1024K), 1 survivors (1024K)
 Metaspace       used 113428K, capacity 116712K, committed 117036K, reserved 1150976K
  class space    used 14834K, capacity 16159K, committed 16256K, reserved 1048576K
}
Event: 44.790 GC heap before
{Heap before GC invocations=53 (full 0):
 garbage-first heap   total 155648K, used 127657K [0x0000000080000000, 0x0000000100000000)
  region size 1024K, 15 young (15360K), 1 survivors (1024K)
 Metaspace       used 114401K, capacity 117858K, committed 117932K, reserved 1150976K
  class space    used 14980K, capacity 16351K, committed 16384K, reserved 1048576K
}
Event: 44.794 GC heap after
{Heap after GC invocations=54 (full 0):
 garbage-first heap   total 155648K, used 115443K [0x0000000080000000, 0x0000000100000000)
  region size 1024K, 2 young (2048K), 2 survivors (2048K)
 Metaspace       used 114401K, capacity 117858K, committed 117932K, reserved 1150976K
  class space    used 14980K, capacity 16351K, committed 16384K, reserved 1048576K
}
Event: 44.893 GC heap before
{Heap before GC invocations=54 (full 0):
 garbage-first heap   total 155648K, used 128755K [0x0000000080000000, 0x0000000100000000)
  region size 1024K, 16 young (16384K), 2 survivors (2048K)
 Metaspace       used 115129K, capacity 118665K, committed 118828K, reserved 1150976K
  class space    used 15078K, capacity 16490K, committed 16512K, reserved 1048576K
}
Event: 44.896 GC heap after
{Heap after GC invocations=55 (full 0):
 garbage-first heap   total 155648K, used 115555K [0x0000000080000000, 0x0000000100000000)
  region size 1024K, 2 young (2048K), 2 survivors (2048K)
 Metaspace       used 115129K, capacity 118665K, committed 118828K, reserved 1150976K
  class space    used 15078K, capacity 16490K, committed 16512K, reserved 1048576K
}
Event: 45.014 GC heap before
{Heap before GC invocations=55 (full 0):
 garbage-first heap   total 155648K, used 129891K [0x0000000080000000, 0x0000000100000000)
  region size 1024K, 17 young (17408K), 2 survivors (2048K)
 Metaspace       used 114606K, capacity 117717K, committed 119212K, reserved 1153024K
  class space    used 14821K, capacity 16022K, committed 16640K, reserved 1048576K
}
Event: 45.018 GC heap after
{Heap after GC invocations=56 (full 0):
 garbage-first heap   total 155648K, used 117098K [0x0000000080000000, 0x0000000100000000)
  region size 1024K, 3 young (3072K), 3 survivors (3072K)
 Metaspace       used 114606K, capacity 117717K, committed 119212K, reserved 1153024K
  class space    used 14821K, capacity 16022K, committed 16640K, reserved 1048576K
}
Event: 45.211 GC heap before
{Heap before GC invocations=57 (full 0):
 garbage-first heap   total 155648K, used 131434K [0x0000000080000000, 0x0000000100000000)
  region size 1024K, 17 young (17408K), 3 survivors (3072K)
 Metaspace       used 114996K, capacity 118101K, committed 119724K, reserved 1153024K
  class space    used 14853K, capacity 16031K, committed 16640K, reserved 1048576K
}
Event: 45.214 GC heap after
{Heap after GC invocations=58 (full 0):
 garbage-first heap   total 155648K, used 116059K [0x0000000080000000, 0x0000000100000000)
  region size 1024K, 2 young (2048K), 2 survivors (2048K)
 Metaspace       used 114996K, capacity 118101K, committed 119724K, reserved 1153024K
  class space    used 14853K, capacity 16031K, committed 16640K, reserved 1048576K
}
Event: 45.251 GC heap before
{Heap before GC invocations=58 (full 0):
 garbage-first heap   total 155648K, used 120155K [0x0000000080000000, 0x0000000100000000)
  region size 1024K, 7 young (7168K), 2 survivors (2048K)
 Metaspace       used 115365K, capacity 118469K, committed 120108K, reserved 1153024K
  class space    used 14907K, capacity 16106K, committed 16768K, reserved 1048576K
}
Event: 45.254 GC heap after
{Heap after GC invocations=59 (full 0):
 garbage-first heap   total 155648K, used 115771K [0x0000000080000000, 0x0000000100000000)
  region size 1024K, 1 young (1024K), 1 survivors (1024K)
 Metaspace       used 115365K, capacity 118469K, committed 120108K, reserved 1153024K
  class space    used 14907K, capacity 16106K, committed 16768K, reserved 1048576K
}
Event: 45.320 GC heap before
{Heap before GC invocations=59 (full 0):
 garbage-first heap   total 155648K, used 130107K [0x0000000080000000, 0x0000000100000000)
  region size 1024K, 16 young (16384K), 1 survivors (1024K)
 Metaspace       used 116093K, capacity 119267K, committed 120748K, reserved 1153024K
  class space    used 15096K, capacity 16309K, committed 16896K, reserved 1048576K
}

